<?xml version="1.0" encoding="UTF-8"?>
<testng-results skipped="0" failed="0" ignored="0" total="1" passed="1">
  <reporter-output>
  </reporter-output>
  <suite name="Suite" duration-ms="784788" started-at="2020-05-21T19:47:03Z" finished-at="2020-05-21T20:00:08Z">
    <groups>
    </groups>
    <test name="Test" duration-ms="784788" started-at="2020-05-21T19:47:03Z" finished-at="2020-05-21T20:00:08Z">
      <class name="softwareTestingMaterial.STMTestNGClass">
        <test-method status="PASS" signature="beforeClass()[pri:0, instance:softwareTestingMaterial.STMTestNGClass@e874448]" name="beforeClass" is-config="true" duration-ms="6544" started-at="2020-05-21T19:47:03Z" finished-at="2020-05-21T19:47:10Z">
          <reporter-output>
          </reporter-output>
        </test-method> <!-- beforeClass -->
        <test-method status="PASS" signature="openMyBlog()[pri:0, instance:softwareTestingMaterial.STMTestNGClass@e874448]" name="openMyBlog" duration-ms="777185" started-at="2020-05-21T19:47:10Z" finished-at="2020-05-21T20:00:07Z">
          <reporter-output>
          </reporter-output>
        </test-method> <!-- openMyBlog -->
        <test-method status="PASS" signature="afterClass()[pri:0, instance:softwareTestingMaterial.STMTestNGClass@e874448]" name="afterClass" is-config="true" duration-ms="1029" started-at="2020-05-21T20:00:07Z" finished-at="2020-05-21T20:00:08Z">
          <reporter-output>
          </reporter-output>
        </test-method> <!-- afterClass -->
      </class> <!-- softwareTestingMaterial.STMTestNGClass -->
    </test> <!-- Test -->
  </suite> <!-- Suite -->
</testng-results>
